WARNING 2025-06-27 14:42:21,522 log Unauthorized: /api/token/
WARNING 2025-06-27 14:42:21,522 log Unauthorized: /api/token/
WARNING 2025-06-27 14:42:23,450 log Unauthorized: /api/token/refresh/
WARNING 2025-06-27 14:42:23,450 log Unauthorized: /api/token/refresh/
INFO 2025-06-27 14:42:25,108 views Set user key accessed.
INFO 2025-06-27 14:42:25,201 views User testUser set new user key.
INFO 2025-06-27 14:42:25,244 views Get user key accessed.
INFO 2025-06-27 14:42:25,333 views User key accessed by testUser
ERROR 2025-06-27 14:42:25,364 log Internal Server Error: /user/key/
Traceback (most recent call last):
  File "C:\Users\mowhi\Documents\Password-Vault\.venv\Lib\site-packages\django\core\handlers\exception.py", line 55, in inner
    response = get_response(request)
               ^^^^^^^^^^^^^^^^^^^^^
  File "C:\Users\mowhi\Documents\Password-Vault\.venv\Lib\site-packages\django\core\handlers\base.py", line 197, in _get_response
    response = wrapped_callback(request, *callback_args, **callback_kwargs)
               ^^^^^^^^^^^^^^^^^^^^^^^^^^^^^^^^^^^^^^^^^^^^^^^^^^^^^^^^^^^^
  File "C:\Users\mowhi\Documents\Password-Vault\.venv\Lib\site-packages\django\views\decorators\csrf.py", line 65, in _view_wrapper
    return view_func(request, *args, **kwargs)
           ^^^^^^^^^^^^^^^^^^^^^^^^^^^^^^^^^^^
  File "C:\Users\mowhi\Documents\Password-Vault\.venv\Lib\site-packages\django\views\generic\base.py", line 105, in view
    return self.dispatch(request, *args, **kwargs)
           ^^^^^^^^^^^^^^^^^^^^^^^^^^^^^^^^^^^^^^^
  File "C:\Users\mowhi\Documents\Password-Vault\.venv\Lib\site-packages\rest_framework\views.py", line 515, in dispatch
    response = self.handle_exception(exc)
               ^^^^^^^^^^^^^^^^^^^^^^^^^^
  File "C:\Users\mowhi\Documents\Password-Vault\.venv\Lib\site-packages\rest_framework\views.py", line 475, in handle_exception
    self.raise_uncaught_exception(exc)
  File "C:\Users\mowhi\Documents\Password-Vault\.venv\Lib\site-packages\rest_framework\views.py", line 486, in raise_uncaught_exception
    raise exc
  File "C:\Users\mowhi\Documents\Password-Vault\.venv\Lib\site-packages\rest_framework\views.py", line 512, in dispatch
    response = handler(request, *args, **kwargs)
               ^^^^^^^^^^^^^^^^^^^^^^^^^^^^^^^^^
  File "C:\Users\mowhi\Documents\Password-Vault\backend\vaultapi\views.py", line 151, in get
    return Response(serializer.data, status=status.HTTP_200_OK)
                    ^^^^^^^^^^^^^^^
  File "C:\Users\mowhi\Documents\Password-Vault\.venv\Lib\site-packages\rest_framework\serializers.py", line 573, in data
    ret = super().data
          ^^^^^^^^^^^^
  File "C:\Users\mowhi\Documents\Password-Vault\.venv\Lib\site-packages\rest_framework\serializers.py", line 251, in data
    self._data = self.to_representation(self.instance)
                 ^^^^^^^^^^^^^^^^^^^^^^^^^^^^^^^^^^^^^
  File "C:\Users\mowhi\Documents\Password-Vault\.venv\Lib\site-packages\rest_framework\serializers.py", line 540, in to_representation
    ret[field.field_name] = field.to_representation(attribute)
                            ^^^^^^^^^^^^^^^^^^^^^^^^^^^^^^^^^^
  File "C:\Users\mowhi\Documents\Password-Vault\.venv\Lib\site-packages\rest_framework\fields.py", line 1910, in to_representation
    return self.model_field.value_to_string(obj)
           ^^^^^^^^^^^^^^^^^^^^^^^^^^^^^^^^^^^^^
  File "C:\Users\mowhi\Documents\Password-Vault\.venv\Lib\site-packages\django\db\models\fields\__init__.py", line 2720, in value_to_string
    return b64encode(self.value_from_object(obj)).decode("ascii")
           ^^^^^^^^^^^^^^^^^^^^^^^^^^^^^^^^^^^^^^
  File "C:\Python312\Lib\base64.py", line 58, in b64encode
    encoded = binascii.b2a_base64(s, newline=False)
              ^^^^^^^^^^^^^^^^^^^^^^^^^^^^^^^^^^^^^
TypeError: a bytes-like object is required, not 'str'
ERROR 2025-06-27 14:42:25,364 log Internal Server Error: /user/key/
Traceback (most recent call last):
  File "C:\Users\mowhi\Documents\Password-Vault\.venv\Lib\site-packages\django\core\handlers\exception.py", line 55, in inner
    response = get_response(request)
               ^^^^^^^^^^^^^^^^^^^^^
  File "C:\Users\mowhi\Documents\Password-Vault\.venv\Lib\site-packages\django\core\handlers\base.py", line 197, in _get_response
    response = wrapped_callback(request, *callback_args, **callback_kwargs)
               ^^^^^^^^^^^^^^^^^^^^^^^^^^^^^^^^^^^^^^^^^^^^^^^^^^^^^^^^^^^^
  File "C:\Users\mowhi\Documents\Password-Vault\.venv\Lib\site-packages\django\views\decorators\csrf.py", line 65, in _view_wrapper
    return view_func(request, *args, **kwargs)
           ^^^^^^^^^^^^^^^^^^^^^^^^^^^^^^^^^^^
  File "C:\Users\mowhi\Documents\Password-Vault\.venv\Lib\site-packages\django\views\generic\base.py", line 105, in view
    return self.dispatch(request, *args, **kwargs)
           ^^^^^^^^^^^^^^^^^^^^^^^^^^^^^^^^^^^^^^^
  File "C:\Users\mowhi\Documents\Password-Vault\.venv\Lib\site-packages\rest_framework\views.py", line 515, in dispatch
    response = self.handle_exception(exc)
               ^^^^^^^^^^^^^^^^^^^^^^^^^^
  File "C:\Users\mowhi\Documents\Password-Vault\.venv\Lib\site-packages\rest_framework\views.py", line 475, in handle_exception
    self.raise_uncaught_exception(exc)
  File "C:\Users\mowhi\Documents\Password-Vault\.venv\Lib\site-packages\rest_framework\views.py", line 486, in raise_uncaught_exception
    raise exc
  File "C:\Users\mowhi\Documents\Password-Vault\.venv\Lib\site-packages\rest_framework\views.py", line 512, in dispatch
    response = handler(request, *args, **kwargs)
               ^^^^^^^^^^^^^^^^^^^^^^^^^^^^^^^^^
  File "C:\Users\mowhi\Documents\Password-Vault\backend\vaultapi\views.py", line 151, in get
    return Response(serializer.data, status=status.HTTP_200_OK)
                    ^^^^^^^^^^^^^^^
  File "C:\Users\mowhi\Documents\Password-Vault\.venv\Lib\site-packages\rest_framework\serializers.py", line 573, in data
    ret = super().data
          ^^^^^^^^^^^^
  File "C:\Users\mowhi\Documents\Password-Vault\.venv\Lib\site-packages\rest_framework\serializers.py", line 251, in data
    self._data = self.to_representation(self.instance)
                 ^^^^^^^^^^^^^^^^^^^^^^^^^^^^^^^^^^^^^
  File "C:\Users\mowhi\Documents\Password-Vault\.venv\Lib\site-packages\rest_framework\serializers.py", line 540, in to_representation
    ret[field.field_name] = field.to_representation(attribute)
                            ^^^^^^^^^^^^^^^^^^^^^^^^^^^^^^^^^^
  File "C:\Users\mowhi\Documents\Password-Vault\.venv\Lib\site-packages\rest_framework\fields.py", line 1910, in to_representation
    return self.model_field.value_to_string(obj)
           ^^^^^^^^^^^^^^^^^^^^^^^^^^^^^^^^^^^^^
  File "C:\Users\mowhi\Documents\Password-Vault\.venv\Lib\site-packages\django\db\models\fields\__init__.py", line 2720, in value_to_string
    return b64encode(self.value_from_object(obj)).decode("ascii")
           ^^^^^^^^^^^^^^^^^^^^^^^^^^^^^^^^^^^^^^
  File "C:\Python312\Lib\base64.py", line 58, in b64encode
    encoded = binascii.b2a_base64(s, newline=False)
              ^^^^^^^^^^^^^^^^^^^^^^^^^^^^^^^^^^^^^
TypeError: a bytes-like object is required, not 'str'
INFO 2025-06-27 14:42:26,375 views Set user key accessed.
INFO 2025-06-27 14:42:26,467 views User testUser set new user key.
WARNING 2025-06-27 14:42:26,475 log Unauthorized: /user/key/
WARNING 2025-06-27 14:42:26,475 log Unauthorized: /user/key/
INFO 2025-06-27 14:42:27,473 views Set user key accessed.
INFO 2025-06-27 14:42:27,640 views User testUser set new user key.
INFO 2025-06-27 14:42:28,616 views Set user key accessed.
INFO 2025-06-27 14:42:28,697 views User testUser set new user key.
INFO 2025-06-27 14:42:28,748 views Set user key accessed.
ERROR 2025-06-27 14:42:28,788 views User testUser attempted to set new user key.
WARNING 2025-06-27 14:42:28,788 log Method Not Allowed: /user/key/
WARNING 2025-06-27 14:42:28,788 log Method Not Allowed: /user/key/
INFO 2025-06-27 14:42:30,119 views Password change request accessed.
INFO 2025-06-27 14:42:30,119 views User testUser requested password change.
INFO 2025-06-27 14:42:30,119 views Password change confirm accessed.
INFO 2025-06-27 14:42:30,526 views User testUser changed password
INFO 2025-06-27 14:42:31,499 views Password change request accessed.
INFO 2025-06-27 14:42:31,500 views User testUser requested password change.
INFO 2025-06-27 14:42:31,501 views Password change confirm accessed.
ERROR 2025-06-27 14:42:31,540 views User testUser provided invalid password change token.
WARNING 2025-06-27 14:42:31,540 log Bad Request: /password-change-confirm/MTA/wrong_token/
WARNING 2025-06-27 14:42:31,540 log Bad Request: /password-change-confirm/MTA/wrong_token/
INFO 2025-06-27 14:42:32,528 views Password change request accessed.
INFO 2025-06-27 14:42:32,528 views User testUser requested password change.
INFO 2025-06-27 14:42:32,528 views Password change confirm accessed.
ERROR 2025-06-27 14:42:32,565 views User testUser did not enter new password.
WARNING 2025-06-27 14:42:32,565 log Bad Request: /password-change-confirm/MTE/cs28uw-d39e29493c1807563e76301769108748/
WARNING 2025-06-27 14:42:32,565 log Bad Request: /password-change-confirm/MTE/cs28uw-d39e29493c1807563e76301769108748/
INFO 2025-06-27 14:42:33,437 views Password change request accessed.
INFO 2025-06-27 14:42:33,437 views User testUser requested password change.
WARNING 2025-06-27 14:42:34,383 log Unauthorized: /password-change-request/
WARNING 2025-06-27 14:42:34,383 log Unauthorized: /password-change-request/
INFO 2025-06-27 14:42:35,358 views Password reset request accessed.
INFO 2025-06-27 14:42:35,402 views User testUser requested password change.
INFO 2025-06-27 14:42:36,386 views Register endpoint accessed.
INFO 2025-06-27 14:42:36,829 views Confirmation email sent to testUser1
INFO 2025-06-27 14:42:36,829 views Email verification accessed.
INFO 2025-06-27 14:42:36,924 views testUser1 verified successfully.
INFO 2025-06-27 14:42:37,503 views Register endpoint accessed.
INFO 2025-06-27 14:42:37,927 views Confirmation email sent to testUser1
INFO 2025-06-27 14:42:37,928 views Email verification accessed.
ERROR 2025-06-27 14:42:37,967 views Invalid verification token for testUser1
WARNING 2025-06-27 14:42:37,967 log Bad Request: /verify-email/MTg/wrong_token/
WARNING 2025-06-27 14:42:37,967 log Bad Request: /verify-email/MTg/wrong_token/
INFO 2025-06-27 14:42:38,575 views Register endpoint accessed.
INFO 2025-06-27 14:42:39,000 views Confirmation email sent to testUser1
INFO 2025-06-27 14:42:39,597 views Register endpoint accessed.
ERROR 2025-06-27 14:42:39,640 views {'username': [ErrorDetail(string='A user with that username already exists.', code='unique')]}
WARNING 2025-06-27 14:42:39,640 log Bad Request: /user/
WARNING 2025-06-27 14:42:39,640 log Bad Request: /user/
INFO 2025-06-27 14:42:40,227 views Register endpoint accessed.
ERROR 2025-06-27 14:42:40,268 views {'email': [ErrorDetail(string='Enter a valid email address.', code='invalid')]}
WARNING 2025-06-27 14:42:40,268 log Bad Request: /user/
WARNING 2025-06-27 14:42:40,268 log Bad Request: /user/
INFO 2025-06-27 14:42:41,645 views Vault entry creation accessed.
INFO 2025-06-27 14:42:41,734 views User testUser created new entry.
INFO 2025-06-27 14:42:41,776 views Vault entry creation accessed.
ERROR 2025-06-27 14:42:41,815 views User testUser attempted to create new entry using existing username.
WARNING 2025-06-27 14:42:41,816 log Bad Request: /vault/
WARNING 2025-06-27 14:42:41,816 log Bad Request: /vault/
INFO 2025-06-27 14:42:43,002 views Vault entry creation accessed.
INFO 2025-06-27 14:42:43,078 views User testUser created new entry.
INFO 2025-06-27 14:42:44,052 views Vault entry creation accessed.
ERROR 2025-06-27 14:42:44,052 views {'label': [ErrorDetail(string='This field is required.', code='required')]}
WARNING 2025-06-27 14:42:44,052 log Bad Request: /vault/
WARNING 2025-06-27 14:42:44,052 log Bad Request: /vault/
INFO 2025-06-27 14:42:44,111 views Vault entry creation accessed.
ERROR 2025-06-27 14:42:44,112 views {'username': [ErrorDetail(string='This field is required.', code='required')]}
WARNING 2025-06-27 14:42:44,112 log Bad Request: /vault/
WARNING 2025-06-27 14:42:44,112 log Bad Request: /vault/
INFO 2025-06-27 14:42:44,156 views Vault entry creation accessed.
ERROR 2025-06-27 14:42:44,157 views {'encrypted_password': [ErrorDetail(string='This field is required.', code='required')]}
WARNING 2025-06-27 14:42:44,157 log Bad Request: /vault/
WARNING 2025-06-27 14:42:44,157 log Bad Request: /vault/
INFO 2025-06-27 14:42:45,139 views Vault entry creation accessed.
INFO 2025-06-27 14:42:45,234 views User testUser created new entry.
INFO 2025-06-27 14:42:45,274 views Delete vault entry accessed.
ERROR 2025-06-27 14:42:45,322 views User testUser attempted to delete a nonexistant entry.
WARNING 2025-06-27 14:42:45,322 log Not Found: /vault/
WARNING 2025-06-27 14:42:45,322 log Not Found: /vault/
INFO 2025-06-27 14:42:46,307 views Delete vault entry accessed.
ERROR 2025-06-27 14:42:46,346 views User testUser attempted to delete a nonexistant entry.
WARNING 2025-06-27 14:42:46,346 log Not Found: /vault/
WARNING 2025-06-27 14:42:46,346 log Not Found: /vault/
INFO 2025-06-27 14:42:47,314 views Vault entry creation accessed.
INFO 2025-06-27 14:42:47,406 views User testUser created new entry.
INFO 2025-06-27 14:42:47,446 views Delete vault entry accessed.
INFO 2025-06-27 14:42:47,535 views User testUser deleted entry for {label} {username}
INFO 2025-06-27 14:42:48,481 views Vault entry creation accessed.
INFO 2025-06-27 14:42:48,540 views User testUser created new entry.
WARNING 2025-06-27 14:42:48,540 log Unauthorized: /vault/
WARNING 2025-06-27 14:42:48,540 log Unauthorized: /vault/
INFO 2025-06-27 14:42:49,527 views Get vault accessed.
INFO 2025-06-27 14:42:49,528 views User testUser retrieved vault.
INFO 2025-06-27 14:42:50,526 views Vault entry creation accessed.
INFO 2025-06-27 14:42:50,617 views User testUser created new entry.
INFO 2025-06-27 14:42:50,658 views Get vault accessed.
INFO 2025-06-27 14:42:50,659 views User testUser retrieved vault.
INFO 2025-06-27 14:42:51,646 views Vault entry creation accessed.
INFO 2025-06-27 14:42:51,723 views User testUser created new entry.
WARNING 2025-06-27 14:42:51,723 log Unauthorized: /vault/
WARNING 2025-06-27 14:42:51,723 log Unauthorized: /vault/
INFO 2025-06-27 14:42:52,681 views Vault entry creation accessed.
INFO 2025-06-27 14:42:52,773 views User testUser created new entry.
INFO 2025-06-27 14:42:52,810 views Update vault entry accessed.
INFO 2025-06-27 14:42:52,875 views User testUser updated entry for {label} {username}
INFO 2025-06-27 14:42:52,901 views Get vault accessed.
INFO 2025-06-27 14:42:52,901 views User testUser retrieved vault.
INFO 2025-06-27 14:42:53,772 views Vault entry creation accessed.
INFO 2025-06-27 14:42:53,861 views User testUser created new entry.
WARNING 2025-06-27 14:42:53,861 log Unauthorized: /vault/
WARNING 2025-06-27 14:42:53,861 log Unauthorized: /vault/
INFO 2025-06-27 14:42:54,845 views Vault entry creation accessed.
INFO 2025-06-27 14:42:54,938 views User testUser created new entry.
INFO 2025-06-27 14:42:54,980 views Update vault entry accessed.
ERROR 2025-06-27 14:42:55,018 views User testUser attempted to update a nonexistant entry
WARNING 2025-06-27 14:42:55,018 log Not Found: /vault/
WARNING 2025-06-27 14:42:55,018 log Not Found: /vault/
INFO 2025-06-27 14:42:55,064 views Update vault entry accessed.
ERROR 2025-06-27 14:42:55,102 views User testUser attempted to update a nonexistant entry
WARNING 2025-06-27 14:42:55,102 log Not Found: /vault/
WARNING 2025-06-27 14:42:55,102 log Not Found: /vault/
WARNING 2025-06-27 14:53:32,751 log Unauthorized: /api/token/
WARNING 2025-06-27 14:53:32,751 log Unauthorized: /api/token/
WARNING 2025-06-27 14:53:34,863 log Unauthorized: /api/token/refresh/
WARNING 2025-06-27 14:53:34,863 log Unauthorized: /api/token/refresh/
INFO 2025-06-27 14:53:37,292 views Set user key accessed.
INFO 2025-06-27 14:53:37,402 views User testUser set new user key.
INFO 2025-06-27 14:53:37,440 views Get user key accessed.
INFO 2025-06-27 14:53:37,546 views User key accessed by testUser
ERROR 2025-06-27 14:53:37,546 log Internal Server Error: /user/key/
Traceback (most recent call last):
  File "C:\Users\mowhi\Documents\Password-Vault\.venv\Lib\site-packages\django\core\handlers\exception.py", line 55, in inner
    response = get_response(request)
               ^^^^^^^^^^^^^^^^^^^^^
  File "C:\Users\mowhi\Documents\Password-Vault\.venv\Lib\site-packages\django\core\handlers\base.py", line 197, in _get_response
    response = wrapped_callback(request, *callback_args, **callback_kwargs)
               ^^^^^^^^^^^^^^^^^^^^^^^^^^^^^^^^^^^^^^^^^^^^^^^^^^^^^^^^^^^^
  File "C:\Users\mowhi\Documents\Password-Vault\.venv\Lib\site-packages\django\views\decorators\csrf.py", line 65, in _view_wrapper
    return view_func(request, *args, **kwargs)
           ^^^^^^^^^^^^^^^^^^^^^^^^^^^^^^^^^^^
  File "C:\Users\mowhi\Documents\Password-Vault\.venv\Lib\site-packages\django\views\generic\base.py", line 105, in view
    return self.dispatch(request, *args, **kwargs)
           ^^^^^^^^^^^^^^^^^^^^^^^^^^^^^^^^^^^^^^^
  File "C:\Users\mowhi\Documents\Password-Vault\.venv\Lib\site-packages\rest_framework\views.py", line 515, in dispatch
    response = self.handle_exception(exc)
               ^^^^^^^^^^^^^^^^^^^^^^^^^^
  File "C:\Users\mowhi\Documents\Password-Vault\.venv\Lib\site-packages\rest_framework\views.py", line 475, in handle_exception
    self.raise_uncaught_exception(exc)
  File "C:\Users\mowhi\Documents\Password-Vault\.venv\Lib\site-packages\rest_framework\views.py", line 486, in raise_uncaught_exception
    raise exc
  File "C:\Users\mowhi\Documents\Password-Vault\.venv\Lib\site-packages\rest_framework\views.py", line 512, in dispatch
    response = handler(request, *args, **kwargs)
               ^^^^^^^^^^^^^^^^^^^^^^^^^^^^^^^^^
  File "C:\Users\mowhi\Documents\Password-Vault\backend\vaultapi\views.py", line 151, in get
    return Response(serializer.data, status=status.HTTP_200_OK)
                    ^^^^^^^^^^^^^^^
  File "C:\Users\mowhi\Documents\Password-Vault\.venv\Lib\site-packages\rest_framework\serializers.py", line 573, in data
    ret = super().data
          ^^^^^^^^^^^^
  File "C:\Users\mowhi\Documents\Password-Vault\.venv\Lib\site-packages\rest_framework\serializers.py", line 251, in data
    self._data = self.to_representation(self.instance)
                 ^^^^^^^^^^^^^^^^^^^^^^^^^^^^^^^^^^^^^
  File "C:\Users\mowhi\Documents\Password-Vault\.venv\Lib\site-packages\rest_framework\serializers.py", line 540, in to_representation
    ret[field.field_name] = field.to_representation(attribute)
                            ^^^^^^^^^^^^^^^^^^^^^^^^^^^^^^^^^^
  File "C:\Users\mowhi\Documents\Password-Vault\.venv\Lib\site-packages\rest_framework\fields.py", line 1910, in to_representation
    return self.model_field.value_to_string(obj)
           ^^^^^^^^^^^^^^^^^^^^^^^^^^^^^^^^^^^^^
  File "C:\Users\mowhi\Documents\Password-Vault\.venv\Lib\site-packages\django\db\models\fields\__init__.py", line 2720, in value_to_string
    return b64encode(self.value_from_object(obj)).decode("ascii")
           ^^^^^^^^^^^^^^^^^^^^^^^^^^^^^^^^^^^^^^
  File "C:\Python312\Lib\base64.py", line 58, in b64encode
    encoded = binascii.b2a_base64(s, newline=False)
              ^^^^^^^^^^^^^^^^^^^^^^^^^^^^^^^^^^^^^
TypeError: a bytes-like object is required, not 'str'
ERROR 2025-06-27 14:53:37,546 log Internal Server Error: /user/key/
Traceback (most recent call last):
  File "C:\Users\mowhi\Documents\Password-Vault\.venv\Lib\site-packages\django\core\handlers\exception.py", line 55, in inner
    response = get_response(request)
               ^^^^^^^^^^^^^^^^^^^^^
  File "C:\Users\mowhi\Documents\Password-Vault\.venv\Lib\site-packages\django\core\handlers\base.py", line 197, in _get_response
    response = wrapped_callback(request, *callback_args, **callback_kwargs)
               ^^^^^^^^^^^^^^^^^^^^^^^^^^^^^^^^^^^^^^^^^^^^^^^^^^^^^^^^^^^^
  File "C:\Users\mowhi\Documents\Password-Vault\.venv\Lib\site-packages\django\views\decorators\csrf.py", line 65, in _view_wrapper
    return view_func(request, *args, **kwargs)
           ^^^^^^^^^^^^^^^^^^^^^^^^^^^^^^^^^^^
  File "C:\Users\mowhi\Documents\Password-Vault\.venv\Lib\site-packages\django\views\generic\base.py", line 105, in view
    return self.dispatch(request, *args, **kwargs)
           ^^^^^^^^^^^^^^^^^^^^^^^^^^^^^^^^^^^^^^^
  File "C:\Users\mowhi\Documents\Password-Vault\.venv\Lib\site-packages\rest_framework\views.py", line 515, in dispatch
    response = self.handle_exception(exc)
               ^^^^^^^^^^^^^^^^^^^^^^^^^^
  File "C:\Users\mowhi\Documents\Password-Vault\.venv\Lib\site-packages\rest_framework\views.py", line 475, in handle_exception
    self.raise_uncaught_exception(exc)
  File "C:\Users\mowhi\Documents\Password-Vault\.venv\Lib\site-packages\rest_framework\views.py", line 486, in raise_uncaught_exception
    raise exc
  File "C:\Users\mowhi\Documents\Password-Vault\.venv\Lib\site-packages\rest_framework\views.py", line 512, in dispatch
    response = handler(request, *args, **kwargs)
               ^^^^^^^^^^^^^^^^^^^^^^^^^^^^^^^^^
  File "C:\Users\mowhi\Documents\Password-Vault\backend\vaultapi\views.py", line 151, in get
    return Response(serializer.data, status=status.HTTP_200_OK)
                    ^^^^^^^^^^^^^^^
  File "C:\Users\mowhi\Documents\Password-Vault\.venv\Lib\site-packages\rest_framework\serializers.py", line 573, in data
    ret = super().data
          ^^^^^^^^^^^^
  File "C:\Users\mowhi\Documents\Password-Vault\.venv\Lib\site-packages\rest_framework\serializers.py", line 251, in data
    self._data = self.to_representation(self.instance)
                 ^^^^^^^^^^^^^^^^^^^^^^^^^^^^^^^^^^^^^
  File "C:\Users\mowhi\Documents\Password-Vault\.venv\Lib\site-packages\rest_framework\serializers.py", line 540, in to_representation
    ret[field.field_name] = field.to_representation(attribute)
                            ^^^^^^^^^^^^^^^^^^^^^^^^^^^^^^^^^^
  File "C:\Users\mowhi\Documents\Password-Vault\.venv\Lib\site-packages\rest_framework\fields.py", line 1910, in to_representation
    return self.model_field.value_to_string(obj)
           ^^^^^^^^^^^^^^^^^^^^^^^^^^^^^^^^^^^^^
  File "C:\Users\mowhi\Documents\Password-Vault\.venv\Lib\site-packages\django\db\models\fields\__init__.py", line 2720, in value_to_string
    return b64encode(self.value_from_object(obj)).decode("ascii")
           ^^^^^^^^^^^^^^^^^^^^^^^^^^^^^^^^^^^^^^
  File "C:\Python312\Lib\base64.py", line 58, in b64encode
    encoded = binascii.b2a_base64(s, newline=False)
              ^^^^^^^^^^^^^^^^^^^^^^^^^^^^^^^^^^^^^
TypeError: a bytes-like object is required, not 'str'
INFO 2025-06-27 14:53:38,687 views Set user key accessed.
INFO 2025-06-27 14:53:38,778 views User testUser set new user key.
WARNING 2025-06-27 14:53:38,778 log Unauthorized: /user/key/
WARNING 2025-06-27 14:53:38,778 log Unauthorized: /user/key/
INFO 2025-06-27 14:53:39,863 views Set user key accessed.
INFO 2025-06-27 14:53:39,976 views User testUser set new user key.
INFO 2025-06-27 14:53:41,052 views Set user key accessed.
INFO 2025-06-27 14:53:41,158 views User testUser set new user key.
INFO 2025-06-27 14:53:41,208 views Set user key accessed.
ERROR 2025-06-27 14:53:41,255 views User testUser attempted to set new user key.
WARNING 2025-06-27 14:53:41,256 log Method Not Allowed: /user/key/
WARNING 2025-06-27 14:53:41,256 log Method Not Allowed: /user/key/
INFO 2025-06-27 14:53:42,820 views Password change request accessed.
INFO 2025-06-27 14:53:42,820 views User testUser requested password change.
INFO 2025-06-27 14:53:42,821 views Password change confirm accessed.
INFO 2025-06-27 14:53:43,245 views User testUser changed password
INFO 2025-06-27 14:53:44,324 views Password change request accessed.
INFO 2025-06-27 14:53:44,324 views User testUser requested password change.
INFO 2025-06-27 14:53:44,324 views Password change confirm accessed.
ERROR 2025-06-27 14:53:44,369 views User testUser provided invalid password change token.
WARNING 2025-06-27 14:53:44,374 log Bad Request: /password-change-confirm/MTA/wrong_token/
WARNING 2025-06-27 14:53:44,374 log Bad Request: /password-change-confirm/MTA/wrong_token/
INFO 2025-06-27 14:53:45,444 views Password change request accessed.
INFO 2025-06-27 14:53:45,444 views User testUser requested password change.
INFO 2025-06-27 14:53:45,445 views Password change confirm accessed.
ERROR 2025-06-27 14:53:45,493 views User testUser did not enter new password.
WARNING 2025-06-27 14:53:45,494 log Bad Request: /password-change-confirm/MTE/cs29dl-d6176c2df0959ada1340942a57f617ff/
WARNING 2025-06-27 14:53:45,494 log Bad Request: /password-change-confirm/MTE/cs29dl-d6176c2df0959ada1340942a57f617ff/
INFO 2025-06-27 14:53:46,884 views Password change request accessed.
INFO 2025-06-27 14:53:46,884 views User testUser requested password change.
WARNING 2025-06-27 14:53:47,941 log Unauthorized: /password-change-request/
WARNING 2025-06-27 14:53:47,941 log Unauthorized: /password-change-request/
INFO 2025-06-27 14:53:49,017 views Password reset request accessed.
INFO 2025-06-27 14:53:49,069 views User testUser requested password change.
INFO 2025-06-27 14:53:51,436 views Register endpoint accessed.
INFO 2025-06-27 14:53:51,888 views Confirmation email sent to testUser1
INFO 2025-06-27 14:53:51,888 views Email verification accessed.
INFO 2025-06-27 14:53:51,978 views testUser1 verified successfully.
INFO 2025-06-27 14:53:52,563 views Register endpoint accessed.
INFO 2025-06-27 14:53:52,996 views Confirmation email sent to testUser1
INFO 2025-06-27 14:53:52,996 views Email verification accessed.
ERROR 2025-06-27 14:53:53,036 views Invalid verification token for testUser1
WARNING 2025-06-27 14:53:53,036 log Bad Request: /verify-email/MTg/wrong_token/
WARNING 2025-06-27 14:53:53,036 log Bad Request: /verify-email/MTg/wrong_token/
INFO 2025-06-27 14:53:53,674 views Register endpoint accessed.
INFO 2025-06-27 14:53:54,106 views Confirmation email sent to testUser1
INFO 2025-06-27 14:53:54,696 views Register endpoint accessed.
ERROR 2025-06-27 14:53:54,742 views {'username': [ErrorDetail(string='A user with that username already exists.', code='unique')]}
WARNING 2025-06-27 14:53:54,743 log Bad Request: /user/
WARNING 2025-06-27 14:53:54,743 log Bad Request: /user/
INFO 2025-06-27 14:53:55,324 views Register endpoint accessed.
ERROR 2025-06-27 14:53:55,367 views {'email': [ErrorDetail(string='Enter a valid email address.', code='invalid')]}
WARNING 2025-06-27 14:53:55,367 log Bad Request: /user/
WARNING 2025-06-27 14:53:55,367 log Bad Request: /user/
INFO 2025-06-27 14:53:56,734 views Vault entry creation accessed.
INFO 2025-06-27 14:53:56,819 views User testUser created new entry.
INFO 2025-06-27 14:53:56,858 views Vault entry creation accessed.
ERROR 2025-06-27 14:53:56,897 views User testUser attempted to create new entry using existing username.
WARNING 2025-06-27 14:53:56,897 log Bad Request: /vault/
WARNING 2025-06-27 14:53:56,897 log Bad Request: /vault/
INFO 2025-06-27 14:53:57,846 views Vault entry creation accessed.
INFO 2025-06-27 14:53:57,929 views User testUser created new entry.
INFO 2025-06-27 14:53:58,880 views Vault entry creation accessed.
ERROR 2025-06-27 14:53:58,880 views {'label': [ErrorDetail(string='This field is required.', code='required')]}
WARNING 2025-06-27 14:53:58,880 log Bad Request: /vault/
WARNING 2025-06-27 14:53:58,880 log Bad Request: /vault/
INFO 2025-06-27 14:53:58,914 views Vault entry creation accessed.
ERROR 2025-06-27 14:53:58,919 views {'username': [ErrorDetail(string='This field is required.', code='required')]}
WARNING 2025-06-27 14:53:58,919 log Bad Request: /vault/
WARNING 2025-06-27 14:53:58,919 log Bad Request: /vault/
INFO 2025-06-27 14:53:58,957 views Vault entry creation accessed.
ERROR 2025-06-27 14:53:58,958 views {'encrypted_password': [ErrorDetail(string='This field is required.', code='required')]}
WARNING 2025-06-27 14:53:58,958 log Bad Request: /vault/
WARNING 2025-06-27 14:53:58,958 log Bad Request: /vault/
INFO 2025-06-27 14:53:59,907 views Vault entry creation accessed.
INFO 2025-06-27 14:53:59,991 views User testUser created new entry.
INFO 2025-06-27 14:54:00,025 views Delete vault entry accessed.
ERROR 2025-06-27 14:54:00,064 views User testUser attempted to delete a nonexistant entry.
WARNING 2025-06-27 14:54:00,064 log Not Found: /vault/
WARNING 2025-06-27 14:54:00,064 log Not Found: /vault/
INFO 2025-06-27 14:54:00,991 views Delete vault entry accessed.
ERROR 2025-06-27 14:54:01,030 views User testUser attempted to delete a nonexistant entry.
WARNING 2025-06-27 14:54:01,030 log Not Found: /vault/
WARNING 2025-06-27 14:54:01,030 log Not Found: /vault/
INFO 2025-06-27 14:54:02,002 views Vault entry creation accessed.
INFO 2025-06-27 14:54:02,080 views User testUser created new entry.
INFO 2025-06-27 14:54:02,173 views Delete vault entry accessed.
INFO 2025-06-27 14:54:02,245 views User testUser deleted entry for {label} {username}
INFO 2025-06-27 14:54:03,225 views Vault entry creation accessed.
INFO 2025-06-27 14:54:03,305 views User testUser created new entry.
WARNING 2025-06-27 14:54:03,305 log Unauthorized: /vault/
WARNING 2025-06-27 14:54:03,305 log Unauthorized: /vault/
INFO 2025-06-27 14:54:04,263 views Get vault accessed.
INFO 2025-06-27 14:54:04,263 views User testUser retrieved vault.
INFO 2025-06-27 14:54:05,525 views Vault entry creation accessed.
INFO 2025-06-27 14:54:05,597 views User testUser created new entry.
INFO 2025-06-27 14:54:05,636 views Get vault accessed.
INFO 2025-06-27 14:54:05,636 views User testUser retrieved vault.
INFO 2025-06-27 14:54:06,635 views Vault entry creation accessed.
INFO 2025-06-27 14:54:06,707 views User testUser created new entry.
WARNING 2025-06-27 14:54:06,707 log Unauthorized: /vault/
WARNING 2025-06-27 14:54:06,707 log Unauthorized: /vault/
INFO 2025-06-27 14:54:07,668 views Vault entry creation accessed.
INFO 2025-06-27 14:54:07,746 views User testUser created new entry.
INFO 2025-06-27 14:54:07,786 views Update vault entry accessed.
INFO 2025-06-27 14:54:07,872 views User testUser updated entry for {label} {username}
INFO 2025-06-27 14:54:07,912 views Get vault accessed.
INFO 2025-06-27 14:54:07,913 views User testUser retrieved vault.
INFO 2025-06-27 14:54:08,918 views Vault entry creation accessed.
INFO 2025-06-27 14:54:08,991 views User testUser created new entry.
WARNING 2025-06-27 14:54:08,997 log Unauthorized: /vault/
WARNING 2025-06-27 14:54:08,997 log Unauthorized: /vault/
INFO 2025-06-27 14:54:09,952 views Vault entry creation accessed.
INFO 2025-06-27 14:54:10,032 views User testUser created new entry.
INFO 2025-06-27 14:54:10,311 views Update vault entry accessed.
ERROR 2025-06-27 14:54:10,352 views User testUser attempted to update a nonexistant entry
WARNING 2025-06-27 14:54:10,352 log Not Found: /vault/
WARNING 2025-06-27 14:54:10,352 log Not Found: /vault/
INFO 2025-06-27 14:54:10,397 views Update vault entry accessed.
ERROR 2025-06-27 14:54:10,436 views User testUser attempted to update a nonexistant entry
WARNING 2025-06-27 14:54:10,436 log Not Found: /vault/
WARNING 2025-06-27 14:54:10,436 log Not Found: /vault/
